open source     > 1 > 1 > /usr/local/texlive/2016/texmf-dist/tex/context/base/mkiv/cont-yes.mkiv

ConTeXt  ver: 2016.05.17 19:20 MKIV current  fmt: 2017.8.1  int: english/english

system          > 'cont-new.mkiv' loaded
open source     > 2 > 2 > /usr/local/texlive/2016/texmf-dist/tex/context/base/mkiv/cont-new.mkiv
close source    > 2 > 2 > /usr/local/texlive/2016/texmf-dist/tex/context/base/mkiv/cont-new.mkiv
system          > files > jobname 'accepts one bid', input './accepts one bid', result 'accepts one bid'
fonts           > latin modern fonts are not preloaded
languages       > language 'en' is active

tex error       > tex error on line 8 in file /usr/local/texlive/2016/texmf-dist/tex/context/base/mkiv/cont-yes.mkiv: ! I can't find file `./accepts one bid'.

l.8 }
   
\clf_processjob ...uafunction \16>>clf_processjob 
                                                  
l.97 \getvalue{clf_processjob}
                             % from cont-run.lua

 1     %D \module
 2     %D   [       file=cont-yes,
 3     %D        version=2012.06.01,
 4     %D          title=\CONTEXT\ Miscellaneous Macros,
 5     %D       subtitle=Startup Stub,
 6     %D         author=Hans Hagen,
 7     %D           date=\currentdate,
 8 >>  %D      copyright={PRAGMA ADE \& \CONTEXT\ Development Team}]
 9     %C
10     %C This module is part of the \CONTEXT\ macro||package and is
11     %C therefore copyrighted by \PRAGMA. See mreadme.pdf for
12     %C details.
13     
14     % At some point I will reconsider the \starttext .. \stoptext
15     % wraping as we can assume proper styling. It's a left-over from
16     % mkii that we need to get rid of.
17     
18     % now moved to cont-run.lua

Please type another input file name: 

tex error       > tex error on line 8 in file /usr/local/texlive/2016/texmf-dist/tex/context/base/mkiv/cont-yes.mkiv: ! I can't find file `accepts one bid'.

l.8 }
   
\clf_processjob ...uafunction \16>>clf_processjob 
                                                  
l.97 \getvalue{clf_processjob}
                             % from cont-run.lua

 1     %D \module
 2     %D   [       file=cont-yes,
 3     %D        version=2012.06.01,
 4     %D          title=\CONTEXT\ Miscellaneous Macros,
 5     %D       subtitle=Startup Stub,
 6     %D         author=Hans Hagen,
 7     %D           date=\currentdate,
 8 >>  %D      copyright={PRAGMA ADE \& \CONTEXT\ Development Team}]
 9     %C
10     %C This module is part of the \CONTEXT\ macro||package and is
11     %C therefore copyrighted by \PRAGMA. See mreadme.pdf for
12     %C details.
13     
14     % At some point I will reconsider the \starttext .. \stoptext
15     % wraping as we can assume proper styling. It's a left-over from
16     % mkii that we need to get rid of.
17     
18     % now moved to cont-run.lua

Please type another input file name:     it "accepted bid status changes to accepted" do

tex error       > tex error on line 8 in file /usr/local/texlive/2016/texmf-dist/tex/context/base/mkiv/cont-yes.mkiv: ! I can't find file `it'.

l.8 }
   
\clf_processjob ...uafunction \16>>clf_processjob 
                                                  
l.97 \getvalue{clf_processjob}
                             % from cont-run.lua

 1     %D \module
 2     %D   [       file=cont-yes,
 3     %D        version=2012.06.01,
 4     %D          title=\CONTEXT\ Miscellaneous Macros,
 5     %D       subtitle=Startup Stub,
 6     %D         author=Hans Hagen,
 7     %D           date=\currentdate,
 8 >>  %D      copyright={PRAGMA ADE \& \CONTEXT\ Development Team}]
 9     %C
10     %C This module is part of the \CONTEXT\ macro||package and is
11     %C therefore copyrighted by \PRAGMA. See mreadme.pdf for
12     %C details.
13     
14     % At some point I will reconsider the \starttext .. \stoptext
15     % wraping as we can assume proper styling. It's a left-over from
16     % mkii that we need to get rid of.
17     
18     % now moved to cont-run.lua

Please type another input file name:       bid = create(:bid)

tex error       > tex error on line 8 in file /usr/local/texlive/2016/texmf-dist/tex/context/base/mkiv/cont-yes.mkiv: ! I can't find file `bid'.

l.8 }
   
\clf_processjob ...uafunction \16>>clf_processjob 
                                                  
l.97 \getvalue{clf_processjob}
                             % from cont-run.lua

 1     %D \module
 2     %D   [       file=cont-yes,
 3     %D        version=2012.06.01,
 4     %D          title=\CONTEXT\ Miscellaneous Macros,
 5     %D       subtitle=Startup Stub,
 6     %D         author=Hans Hagen,
 7     %D           date=\currentdate,
 8 >>  %D      copyright={PRAGMA ADE \& \CONTEXT\ Development Team}]
 9     %C
10     %C This module is part of the \CONTEXT\ macro||package and is
11     %C therefore copyrighted by \PRAGMA. See mreadme.pdf for
12     %C details.
13     
14     % At some point I will reconsider the \starttext .. \stoptext
15     % wraping as we can assume proper styling. It's a left-over from
16     % mkii that we need to get rid of.
17     
18     % now moved to cont-run.lua

Please type another input file name:       user = bid.project.requester

tex error       > tex error on line 8 in file /usr/local/texlive/2016/texmf-dist/tex/context/base/mkiv/cont-yes.mkiv: ! I can't find file `user'.

l.8 }
   
\clf_processjob ...uafunction \16>>clf_processjob 
                                                  
l.97 \getvalue{clf_processjob}
                             % from cont-run.lua

 1     %D \module
 2     %D   [       file=cont-yes,
 3     %D        version=2012.06.01,
 4     %D          title=\CONTEXT\ Miscellaneous Macros,
 5     %D       subtitle=Startup Stub,
 6     %D         author=Hans Hagen,
 7     %D           date=\currentdate,
 8 >>  %D      copyright={PRAGMA ADE \& \CONTEXT\ Development Team}]
 9     %C
10     %C This module is part of the \CONTEXT\ macro||package and is
11     %C therefore copyrighted by \PRAGMA. See mreadme.pdf for
12     %C details.
13     
14     % At some point I will reconsider the \starttext .. \stoptext
15     % wraping as we can assume proper styling. It's a left-over from
16     % mkii that we need to get rid of.
17     
18     % now moved to cont-run.lua

Please type another input file name: 

tex error       > tex error on line 8 in file /usr/local/texlive/2016/texmf-dist/tex/context/base/mkiv/cont-yes.mkiv: ! I can't find file `user'.

l.8 }
   
\clf_processjob ...uafunction \16>>clf_processjob 
                                                  
l.97 \getvalue{clf_processjob}
                             % from cont-run.lua

 1     %D \module
 2     %D   [       file=cont-yes,
 3     %D        version=2012.06.01,
 4     %D          title=\CONTEXT\ Miscellaneous Macros,
 5     %D       subtitle=Startup Stub,
 6     %D         author=Hans Hagen,
 7     %D           date=\currentdate,
 8 >>  %D      copyright={PRAGMA ADE \& \CONTEXT\ Development Team}]
 9     %C
10     %C This module is part of the \CONTEXT\ macro||package and is
11     %C therefore copyrighted by \PRAGMA. See mreadme.pdf for
12     %C details.
13     
14     % At some point I will reconsider the \starttext .. \stoptext
15     % wraping as we can assume proper styling. It's a left-over from
16     % mkii that we need to get rid of.
17     
18     % now moved to cont-run.lua

Please type another input file name:       allow_any_instance_of(ApplicationController).to receive(:current_user).and_return(user)

tex error       > tex error on line 8 in file /usr/local/texlive/2016/texmf-dist/tex/context/base/mkiv/cont-yes.mkiv: ! I can't find file `allow_any_instance_of(ApplicationController).to'.

l.8 }
   
\clf_processjob ...uafunction \16>>clf_processjob 
                                                  
l.97 \getvalue{clf_processjob}
                             % from cont-run.lua

 1     %D \module
 2     %D   [       file=cont-yes,
 3     %D        version=2012.06.01,
 4     %D          title=\CONTEXT\ Miscellaneous Macros,
 5     %D       subtitle=Startup Stub,
 6     %D         author=Hans Hagen,
 7     %D           date=\currentdate,
 8 >>  %D      copyright={PRAGMA ADE \& \CONTEXT\ Development Team}]
 9     %C
10     %C This module is part of the \CONTEXT\ macro||package and is
11     %C therefore copyrighted by \PRAGMA. See mreadme.pdf for
12     %C details.
13     
14     % At some point I will reconsider the \starttext .. \stoptext
15     % wraping as we can assume proper styling. It's a left-over from
16     % mkii that we need to get rid of.
17     
18     % now moved to cont-run.lua

Please type another input file name: 

tex error       > tex error on line 8 in file /usr/local/texlive/2016/texmf-dist/tex/context/base/mkiv/cont-yes.mkiv: ! I can't find file `allow_any_instance_of(ApplicationController)'.

l.8 }
   
\clf_processjob ...uafunction \16>>clf_processjob 
                                                  
l.97 \getvalue{clf_processjob}
                             % from cont-run.lua

 1     %D \module
 2     %D   [       file=cont-yes,
 3     %D        version=2012.06.01,
 4     %D          title=\CONTEXT\ Miscellaneous Macros,
 5     %D       subtitle=Startup Stub,
 6     %D         author=Hans Hagen,
 7     %D           date=\currentdate,
 8 >>  %D      copyright={PRAGMA ADE \& \CONTEXT\ Development Team}]
 9     %C
10     %C This module is part of the \CONTEXT\ macro||package and is
11     %C therefore copyrighted by \PRAGMA. See mreadme.pdf for
12     %C details.
13     
14     % At some point I will reconsider the \starttext .. \stoptext
15     % wraping as we can assume proper styling. It's a left-over from
16     % mkii that we need to get rid of.
17     
18     % now moved to cont-run.lua

Please type another input file name:       visit bid_path(bid)

tex error       > tex error on line 8 in file /usr/local/texlive/2016/texmf-dist/tex/context/base/mkiv/cont-yes.mkiv: ! I can't find file `visit'.

l.8 }
   
\clf_processjob ...uafunction \16>>clf_processjob 
                                                  
l.97 \getvalue{clf_processjob}
                             % from cont-run.lua

 1     %D \module
 2     %D   [       file=cont-yes,
 3     %D        version=2012.06.01,
 4     %D          title=\CONTEXT\ Miscellaneous Macros,
 5     %D       subtitle=Startup Stub,
 6     %D         author=Hans Hagen,
 7     %D           date=\currentdate,
 8 >>  %D      copyright={PRAGMA ADE \& \CONTEXT\ Development Team}]
 9     %C
10     %C This module is part of the \CONTEXT\ macro||package and is
11     %C therefore copyrighted by \PRAGMA. See mreadme.pdf for
12     %C details.
13     
14     % At some point I will reconsider the \starttext .. \stoptext
15     % wraping as we can assume proper styling. It's a left-over from
16     % mkii that we need to get rid of.
17     
18     % now moved to cont-run.lua

Please type another input file name: 

tex error       > tex error on line 8 in file /usr/local/texlive/2016/texmf-dist/tex/context/base/mkiv/cont-yes.mkiv: ! I can't find file `visit'.

l.8 }
   
\clf_processjob ...uafunction \16>>clf_processjob 
                                                  
l.97 \getvalue{clf_processjob}
                             % from cont-run.lua

 1     %D \module
 2     %D   [       file=cont-yes,
 3     %D        version=2012.06.01,
 4     %D          title=\CONTEXT\ Miscellaneous Macros,
 5     %D       subtitle=Startup Stub,
 6     %D         author=Hans Hagen,
 7     %D           date=\currentdate,
 8 >>  %D      copyright={PRAGMA ADE \& \CONTEXT\ Development Team}]
 9     %C
10     %C This module is part of the \CONTEXT\ macro||package and is
11     %C therefore copyrighted by \PRAGMA. See mreadme.pdf for
12     %C details.
13     
14     % At some point I will reconsider the \starttext .. \stoptext
15     % wraping as we can assume proper styling. It's a left-over from
16     % mkii that we need to get rid of.
17     
18     % now moved to cont-run.lua

Please type another input file name:       expect(Bid.last.status).to eq("open")

tex error       > tex error on line 8 in file /usr/local/texlive/2016/texmf-dist/tex/context/base/mkiv/cont-yes.mkiv: ! I can't find file `expect(Bid.last.status).to'.

l.8 }
   
\clf_processjob ...uafunction \16>>clf_processjob 
                                                  
l.97 \getvalue{clf_processjob}
                             % from cont-run.lua

 1     %D \module
 2     %D   [       file=cont-yes,
 3     %D        version=2012.06.01,
 4     %D          title=\CONTEXT\ Miscellaneous Macros,
 5     %D       subtitle=Startup Stub,
 6     %D         author=Hans Hagen,
 7     %D           date=\currentdate,
 8 >>  %D      copyright={PRAGMA ADE \& \CONTEXT\ Development Team}]
 9     %C
10     %C This module is part of the \CONTEXT\ macro||package and is
11     %C therefore copyrighted by \PRAGMA. See mreadme.pdf for
12     %C details.
13     
14     % At some point I will reconsider the \starttext .. \stoptext
15     % wraping as we can assume proper styling. It's a left-over from
16     % mkii that we need to get rid of.
17     
18     % now moved to cont-run.lua

Please type another input file name:       click_button "Accept"

tex error       > tex error on line 8 in file /usr/local/texlive/2016/texmf-dist/tex/context/base/mkiv/cont-yes.mkiv: ! I can't find file `click_button'.

l.8 }
   
\clf_processjob ...uafunction \16>>clf_processjob 
                                                  
l.97 \getvalue{clf_processjob}
                             % from cont-run.lua

 1     %D \module
 2     %D   [       file=cont-yes,
 3     %D        version=2012.06.01,
 4     %D          title=\CONTEXT\ Miscellaneous Macros,
 5     %D       subtitle=Startup Stub,
 6     %D         author=Hans Hagen,
 7     %D           date=\currentdate,
 8 >>  %D      copyright={PRAGMA ADE \& \CONTEXT\ Development Team}]
 9     %C
10     %C This module is part of the \CONTEXT\ macro||package and is
11     %C therefore copyrighted by \PRAGMA. See mreadme.pdf for
12     %C details.
13     
14     % At some point I will reconsider the \starttext .. \stoptext
15     % wraping as we can assume proper styling. It's a left-over from
16     % mkii that we need to get rid of.
17     
18     % now moved to cont-run.lua

Please type another input file name:       expect(current_path).to eq(project_path(bid.project))

tex error       > tex error on line 8 in file /usr/local/texlive/2016/texmf-dist/tex/context/base/mkiv/cont-yes.mkiv: ! I can't find file `expect(current_path).to'.

l.8 }
   
\clf_processjob ...uafunction \16>>clf_processjob 
                                                  
l.97 \getvalue{clf_processjob}
                             % from cont-run.lua

 1     %D \module
 2     %D   [       file=cont-yes,
 3     %D        version=2012.06.01,
 4     %D          title=\CONTEXT\ Miscellaneous Macros,
 5     %D       subtitle=Startup Stub,
 6     %D         author=Hans Hagen,
 7     %D           date=\currentdate,
 8 >>  %D      copyright={PRAGMA ADE \& \CONTEXT\ Development Team}]
 9     %C
10     %C This module is part of the \CONTEXT\ macro||package and is
11     %C therefore copyrighted by \PRAGMA. See mreadme.pdf for
12     %C details.
13     
14     % At some point I will reconsider the \starttext .. \stoptext
15     % wraping as we can assume proper styling. It's a left-over from
16     % mkii that we need to get rid of.
17     
18     % now moved to cont-run.lua

Please type another input file name:       expect(Bid.last.status).to eq("accepted")

tex error       > tex error on line 8 in file /usr/local/texlive/2016/texmf-dist/tex/context/base/mkiv/cont-yes.mkiv: ! I can't find file `expect(Bid.last.status).to'.

l.8 }
   
\clf_processjob ...uafunction \16>>clf_processjob 
                                                  
l.97 \getvalue{clf_processjob}
                             % from cont-run.lua

 1     %D \module
 2     %D   [       file=cont-yes,
 3     %D        version=2012.06.01,
 4     %D          title=\CONTEXT\ Miscellaneous Macros,
 5     %D       subtitle=Startup Stub,
 6     %D         author=Hans Hagen,
 7     %D           date=\currentdate,
 8 >>  %D      copyright={PRAGMA ADE \& \CONTEXT\ Development Team}]
 9     %C
10     %C This module is part of the \CONTEXT\ macro||package and is
11     %C therefore copyrighted by \PRAGMA. See mreadme.pdf for
12     %C details.
13     
14     % At some point I will reconsider the \starttext .. \stoptext
15     % wraping as we can assume proper styling. It's a left-over from
16     % mkii that we need to get rid of.
17     
18     % now moved to cont-run.lua

Please type another input file name:     end

tex error       > tex error on line 8 in file /usr/local/texlive/2016/texmf-dist/tex/context/base/mkiv/cont-yes.mkiv: ! I can't find file `end'.

l.8 }
   
\clf_processjob ...uafunction \16>>clf_processjob 
                                                  
l.97 \getvalue{clf_processjob}
                             % from cont-run.lua

 1     %D \module
 2     %D   [       file=cont-yes,
 3     %D        version=2012.06.01,
 4     %D          title=\CONTEXT\ Miscellaneous Macros,
 5     %D       subtitle=Startup Stub,
 6     %D         author=Hans Hagen,
 7     %D           date=\currentdate,
 8 >>  %D      copyright={PRAGMA ADE \& \CONTEXT\ Development Team}]
 9     %C
10     %C This module is part of the \CONTEXT\ macro||package and is
11     %C therefore copyrighted by \PRAGMA. See mreadme.pdf for
12     %C details.
13     
14     % At some point I will reconsider the \starttext .. \stoptext
15     % wraping as we can assume proper styling. It's a left-over from
16     % mkii that we need to get rid of.
17     
18     % now moved to cont-run.lua

Please type another input file name: 

tex error       > tex error on line 8 in file /usr/local/texlive/2016/texmf-dist/tex/context/base/mkiv/cont-yes.mkiv: ! I can't find file `end'.

l.8 }
   
\clf_processjob ...uafunction \16>>clf_processjob 
                                                  
l.97 \getvalue{clf_processjob}
                             % from cont-run.lua

 1     %D \module
 2     %D   [       file=cont-yes,
 3     %D        version=2012.06.01,
 4     %D          title=\CONTEXT\ Miscellaneous Macros,
 5     %D       subtitle=Startup Stub,
 6     %D         author=Hans Hagen,
 7     %D           date=\currentdate,
 8 >>  %D      copyright={PRAGMA ADE \& \CONTEXT\ Development Team}]
 9     %C
10     %C This module is part of the \CONTEXT\ macro||package and is
11     %C therefore copyrighted by \PRAGMA. See mreadme.pdf for
12     %C details.
13     
14     % At some point I will reconsider the \starttext .. \stoptext
15     % wraping as we can assume proper styling. It's a left-over from
16     % mkii that we need to get rid of.
17     
18     % now moved to cont-run.lua

Please type another input file name:     it "all other project bid statuses change to rejected" do

tex error       > tex error on line 8 in file /usr/local/texlive/2016/texmf-dist/tex/context/base/mkiv/cont-yes.mkiv: ! I can't find file `it'.

l.8 }
   
\clf_processjob ...uafunction \16>>clf_processjob 
                                                  
l.97 \getvalue{clf_processjob}
                             % from cont-run.lua

 1     %D \module
 2     %D   [       file=cont-yes,
 3     %D        version=2012.06.01,
 4     %D          title=\CONTEXT\ Miscellaneous Macros,
 5     %D       subtitle=Startup Stub,
 6     %D         author=Hans Hagen,
 7     %D           date=\currentdate,
 8 >>  %D      copyright={PRAGMA ADE \& \CONTEXT\ Development Team}]
 9     %C
10     %C This module is part of the \CONTEXT\ macro||package and is
11     %C therefore copyrighted by \PRAGMA. See mreadme.pdf for
12     %C details.
13     
14     % At some point I will reconsider the \starttext .. \stoptext
15     % wraping as we can assume proper styling. It's a left-over from
16     % mkii that we need to get rid of.
17     
18     % now moved to cont-run.lua

Please type another input file name:       project = create(:project)
open source     > 2 > 3 > /usr/local/texlive/2016/texmf-dist/doc/context/third/context-notes-zh-cn/src/project.tex
fonts           > preloading latin modern fonts (second stage)
fonts           > otf loading > loading '/usr/local/texlive/2016/texmf-dist/fonts/opentype/public/lm/lmroman12-regular.otf', hash 'lmroman12-regular'
otf reader      > found cmaps:
otf reader      >   platform 0: unicode
otf reader      >     encoding 3: unicode 2.0 bmp
otf reader      >       formats: 4
otf reader      >   platform 1: macintosh (unsupported)
otf reader      >     encoding 0: roman (unsupported)
otf reader      >       formats: 6 (unsupported)
otf reader      >   platform 3: windows
otf reader      >     encoding 1: unicode bmp
otf reader      >       formats: 4
otf reader      > cmap checked: platform 3 (windows), encoding 1 (unicode bmp), format 4, new unicodes 794
otf reader      > cmap checked: platform 0 (unicode), encoding 3 (unicode 2.0 bmp), format 4, new unicodes 0
otf reader      > not unicoded: dblgrave.ts1 star.alt
otf reader      > 41 bogus names removed (verbose unicode)
fonts           > otf loading > loading done
fonts           > otf loading > saving '/usr/local/texlive/2016/texmf-dist/fonts/opentype/public/lm/lmroman12-regular.otf' in cache
system          > lua > compiling '/var/folders/6x/7mq9m88j1fg8lgy2v0rz8lsh0000gn/T/luatex-cache/context/a86c089b384a3076dc514ba966a1fac9/fonts/otl/lmroman12-regular.tma' into '/var/folders/6x/7mq9m88j1fg8lgy2v0rz8lsh0000gn/T/luatex-cache/context/a86c089b384a3076dc514ba966a1fac9/fonts/otl/lmroman12-regular.tmc'
system          > lua > dumping '/var/folders/6x/7mq9m88j1fg8lgy2v0rz8lsh0000gn/T/luatex-cache/context/a86c089b384a3076dc514ba966a1fac9/fonts/otl/lmroman12-regular.tma' into '/var/folders/6x/7mq9m88j1fg8lgy2v0rz8lsh0000gn/T/luatex-cache/context/a86c089b384a3076dc514ba966a1fac9/fonts/otl/lmroman12-regular.tmc' stripped
fonts           > otf loading > loading, optimizing, packing and caching time 0.183
fonts           > otf loading > loading '/usr/local/texlive/2016/texmf-dist/fonts/opentype/public/lm-math/latinmodern-math.otf', hash 'latinmodern-math'
otf reader      > found cmaps:
otf reader      >   platform 0: unicode
otf reader      >     encoding 3: unicode 2.0 bmp
otf reader      >       formats: 4
otf reader      >     encoding 4: unicode 2.0 full (unsupported)
otf reader      >       formats: 12 (unsupported)
otf reader      >   platform 1: macintosh (unsupported)
otf reader      >     encoding 0: roman (unsupported)
otf reader      >       formats: 6 (unsupported)
otf reader      >   platform 3: windows
otf reader      >     encoding 1: unicode bmp
otf reader      >       formats: 4
otf reader      >     encoding 10: unicode ucs-4
otf reader      >       formats: 12
otf reader      > cmap checked: platform 3 (windows), encoding 1 (unicode bmp), format 4, new unicodes 1100
otf reader      > cmap checked: platform 3 (windows), encoding 10 (unicode ucs-4), format 12, new unicodes 945
otf reader      > cmap checked: platform 0 (unicode), encoding 3 (unicode 2.0 bmp), format 4, new unicodes 0
otf reader      > not unicoded: copyleft copyleft.st copyleft.sts died died.st died.sts leaf leaf.st leaf.sts perthousandzero perthousandzero.st perthousandzero.sts star.alt star.alt.st star.alt.sts threequartersemdash threequartersemdash.st threequartersemdash.sts
otf reader      > 1459 bogus names removed (verbose unicode)
otf reader      > 4801 base class tags removed (default is base)
fonts           > otf loading > loading done
fonts           > otf loading > saving '/usr/local/texlive/2016/texmf-dist/fonts/opentype/public/lm-math/latinmodern-math.otf' in cache
system          > lua > compiling '/var/folders/6x/7mq9m88j1fg8lgy2v0rz8lsh0000gn/T/luatex-cache/context/a86c089b384a3076dc514ba966a1fac9/fonts/otl/latinmodern-math.tma' into '/var/folders/6x/7mq9m88j1fg8lgy2v0rz8lsh0000gn/T/luatex-cache/context/a86c089b384a3076dc514ba966a1fac9/fonts/otl/latinmodern-math.tmc'
system          > lua > dumping '/var/folders/6x/7mq9m88j1fg8lgy2v0rz8lsh0000gn/T/luatex-cache/context/a86c089b384a3076dc514ba966a1fac9/fonts/otl/latinmodern-math.tma' into '/var/folders/6x/7mq9m88j1fg8lgy2v0rz8lsh0000gn/T/luatex-cache/context/a86c089b384a3076dc514ba966a1fac9/fonts/otl/latinmodern-math.tmc' stripped
fonts           > otf loading > loading, optimizing, packing and caching time 0.672
fonts           > 'fallback modern-designsize rm 12pt' is loaded
open source     > 3 > 4 > /usr/local/texlive/2016/texmf-dist/doc/context/third/context-notes-zh-cn/src/doc-env.tex
resolvers       > modules > 'zhfonts' is loaded
open source     > 4 > 5 > /usr/local/texlive/2016/texmf-dist/doc/context/third/context-notes-zh-cn/src/t-zhfonts.mkiv
loading         > ConTeXt User Module / zhfonts
system          > lua > loading of file '/usr/local/texlive/2016/texmf-dist/doc/context/third/context-notes-zh-cn/src/t-zhfonts.lua' failed:
	.../doc/context/third/context-notes-zh-cn/src/t-zhfonts.lua:42: invalid escape sequence near '\m'
resolvers       > lua > loading file '/usr/local/texlive/2016/texmf-dist/doc/context/third/context-notes-zh-cn/src/t-zhfonts.lua' failed
resolvers       > lua > loading file '/usr/local/texlive/2016/texmf-dist/doc/context/third/context-notes-zh-cn/src/t-zhspuncs.lua' succeeded
close source    > 4 > 5 > /usr/local/texlive/2016/texmf-dist/doc/context/third/context-notes-zh-cn/src/t-zhfonts.mkiv
resolvers       > modules > 'chart' is loaded
interface       > macros > processed mkvi file '/usr/local/texlive/2016/texmf-dist/tex/context/modules/mkiv/m-chart.mkvi', delta 282
interface       > macros > processed mkvi file '/usr/local/texlive/2016/texmf-dist/tex/context/modules/mkiv/m-chart.mkvi', delta 0
open source     > 4 > 6 > /usr/local/texlive/2016/texmf-dist/tex/context/modules/mkiv/m-chart.mkvi
resolvers       > lua > loading file '/usr/local/texlive/2016/texmf-dist/tex/context/modules/mkiv/m-chart.lua' succeeded
close source    > 4 > 6 > /usr/local/texlive/2016/texmf-dist/tex/context/modules/mkiv/m-chart.mkvi
resolvers       > modules > 'layout' is loaded
open source     > 4 > 7 > /usr/local/texlive/2016/texmf-dist/doc/context/third/context-notes-zh-cn/src/t-layout.tex
close source    > 4 > 7 > /usr/local/texlive/2016/texmf-dist/doc/context/third/context-notes-zh-cn/src/t-layout.tex
colors          > defining > unknown library 'hex'
resolvers       > modules > 'oldbibtex' is loaded
open source     > 4 > 8 > /usr/local/texlive/2016/texmf-dist/tex/context/base/mkiv/m-oldbibtex.mkiv
open source     > 5 > 9 > /usr/local/texlive/2016/texmf-dist/tex/context/base/mkiv/bibl-bib.mkiv
loading         > ConTeXt Bibliography Support / Experimental BibTeX
resolvers       > lua > loading file '/usr/local/texlive/2016/texmf-dist/tex/context/base/mkiv/bibl-bib.lua' succeeded
publications    > loading formatting style from 'bxml-apa'
open source     > 6 > 10 > /usr/local/texlive/2016/texmf-dist/tex/context/base/mkiv/bxml-apa.mkiv
close source    > 6 > 10 > /usr/local/texlive/2016/texmf-dist/tex/context/base/mkiv/bxml-apa.mkiv
close source    > 5 > 10 > /usr/local/texlive/2016/texmf-dist/tex/context/base/mkiv/bibl-bib.mkiv
open source     > 5 > 11 > /usr/local/texlive/2016/texmf-dist/tex/context/base/mkiv/bibl-tra.mkiv
loading         > ConTeXt Bibliography Support / BibTeX
resolvers       > lua > loading file '/usr/local/texlive/2016/texmf-dist/tex/context/base/mkiv/bibl-tra.lua' succeeded
publications    > loading formatting style from 'bibl-apa'
open source     > 6 > 12 > /usr/local/texlive/2016/texmf-dist/tex/context/bib/mkii/bibl-apa.tex
close source    > 6 > 12 > /usr/local/texlive/2016/texmf-dist/tex/context/bib/mkii/bibl-apa.tex
close source    > 5 > 12 > /usr/local/texlive/2016/texmf-dist/tex/context/base/mkiv/bibl-tra.mkiv
close source    > 4 > 12 > /usr/local/texlive/2016/texmf-dist/tex/context/base/mkiv/m-oldbibtex.mkiv
publications    > wrote a new auxiliary file 'accepts one bid.aux'
publications    > loading formatting style from 'bibl-lyr'
open source     > 4 > 13 > /usr/local/texlive/2016/texmf-dist/doc/context/third/context-notes-zh-cn/src/bibl-lyr.tex
close source    > 4 > 13 > /usr/local/texlive/2016/texmf-dist/doc/context/third/context-notes-zh-cn/src/bibl-lyr.tex
close source    > 3 > 13 > /usr/local/texlive/2016/texmf-dist/doc/context/third/context-notes-zh-cn/src/doc-env.tex
structure       > sectioning > chapter @ level 2 : 0.1 -> 大文档项目
fonts           > otf loading > loading '/usr/local/texlive/2016/texmf-dist/fonts/opentype/public/lm/lmroman10-bold.otf', hash 'lmroman10-bold'
otf reader      > found cmaps:
otf reader      >   platform 0: unicode
otf reader      >     encoding 3: unicode 2.0 bmp
otf reader      >       formats: 4
otf reader      >   platform 1: macintosh (unsupported)
otf reader      >     encoding 0: roman (unsupported)
otf reader      >       formats: 6 (unsupported)
otf reader      >   platform 3: windows
otf reader      >     encoding 1: unicode bmp
otf reader      >       formats: 4
otf reader      > cmap checked: platform 3 (windows), encoding 1 (unicode bmp), format 4, new unicodes 794
otf reader      > cmap checked: platform 0 (unicode), encoding 3 (unicode 2.0 bmp), format 4, new unicodes 0
otf reader      > not unicoded: dblgrave.ts1 star.alt
otf reader      > 41 bogus names removed (verbose unicode)
fonts           > otf loading > loading done
fonts           > otf loading > saving '/usr/local/texlive/2016/texmf-dist/fonts/opentype/public/lm/lmroman10-bold.otf' in cache
system          > lua > compiling '/var/folders/6x/7mq9m88j1fg8lgy2v0rz8lsh0000gn/T/luatex-cache/context/a86c089b384a3076dc514ba966a1fac9/fonts/otl/lmroman10-bold.tma' into '/var/folders/6x/7mq9m88j1fg8lgy2v0rz8lsh0000gn/T/luatex-cache/context/a86c089b384a3076dc514ba966a1fac9/fonts/otl/lmroman10-bold.tmc'
system          > lua > dumping '/var/folders/6x/7mq9m88j1fg8lgy2v0rz8lsh0000gn/T/luatex-cache/context/a86c089b384a3076dc514ba966a1fac9/fonts/otl/lmroman10-bold.tma' into '/var/folders/6x/7mq9m88j1fg8lgy2v0rz8lsh0000gn/T/luatex-cache/context/a86c089b384a3076dc514ba966a1fac9/fonts/otl/lmroman10-bold.tmc' stripped
fonts           > otf loading > loading, optimizing, packing and caching time 0.849
structure       > sectioning > section @ level 3 : 0.1.1 -> 项目的部署
fonts           > otf loading > loading '/usr/local/texlive/2016/texmf-dist/fonts/opentype/public/lm/lmmono12-regular.otf', hash 'lmmono12-regular'
otf reader      > found cmaps:
otf reader      >   platform 0: unicode
otf reader      >     encoding 3: unicode 2.0 bmp
otf reader      >       formats: 4
otf reader      >   platform 1: macintosh (unsupported)
otf reader      >     encoding 0: roman (unsupported)
otf reader      >       formats: 6 (unsupported)
otf reader      >   platform 3: windows
otf reader      >     encoding 1: unicode bmp
otf reader      >       formats: 4
otf reader      > cmap checked: platform 3 (windows), encoding 1 (unicode bmp), format 4, new unicodes 759
otf reader      > cmap checked: platform 0 (unicode), encoding 3 (unicode 2.0 bmp), format 4, new unicodes 0
otf reader      > not unicoded: dblgrave.ts1 star.alt
otf reader      > 41 bogus names removed (verbose unicode)
fonts           > otf loading > loading done
fonts           > otf loading > saving '/usr/local/texlive/2016/texmf-dist/fonts/opentype/public/lm/lmmono12-regular.otf' in cache
system          > lua > compiling '/var/folders/6x/7mq9m88j1fg8lgy2v0rz8lsh0000gn/T/luatex-cache/context/a86c089b384a3076dc514ba966a1fac9/fonts/otl/lmmono12-regular.tma' into '/var/folders/6x/7mq9m88j1fg8lgy2v0rz8lsh0000gn/T/luatex-cache/context/a86c089b384a3076dc514ba966a1fac9/fonts/otl/lmmono12-regular.tmc'
system          > lua > dumping '/var/folders/6x/7mq9m88j1fg8lgy2v0rz8lsh0000gn/T/luatex-cache/context/a86c089b384a3076dc514ba966a1fac9/fonts/otl/lmmono12-regular.tma' into '/var/folders/6x/7mq9m88j1fg8lgy2v0rz8lsh0000gn/T/luatex-cache/context/a86c089b384a3076dc514ba966a1fac9/fonts/otl/lmmono12-regular.tmc' stripped
fonts           > otf loading > loading, optimizing, packing and caching time 0.931
fonts           > otf loading > loading '/usr/local/texlive/2016/texmf-dist/fonts/opentype/public/lm/lmmonolt10-bold.otf', hash 'lmmonolt10-bold'
otf reader      > found cmaps:
otf reader      >   platform 0: unicode
otf reader      >     encoding 3: unicode 2.0 bmp
otf reader      >       formats: 4
otf reader      >   platform 1: macintosh (unsupported)
otf reader      >     encoding 0: roman (unsupported)
otf reader      >       formats: 6 (unsupported)
otf reader      >   platform 3: windows
otf reader      >     encoding 1: unicode bmp
otf reader      >       formats: 4
otf reader      > cmap checked: platform 3 (windows), encoding 1 (unicode bmp), format 4, new unicodes 759
otf reader      > cmap checked: platform 0 (unicode), encoding 3 (unicode 2.0 bmp), format 4, new unicodes 0
otf reader      > not unicoded: dblgrave.ts1 star.alt
otf reader      > 41 bogus names removed (verbose unicode)
fonts           > otf loading > loading done
fonts           > otf loading > saving '/usr/local/texlive/2016/texmf-dist/fonts/opentype/public/lm/lmmonolt10-bold.otf' in cache
system          > lua > compiling '/var/folders/6x/7mq9m88j1fg8lgy2v0rz8lsh0000gn/T/luatex-cache/context/a86c089b384a3076dc514ba966a1fac9/fonts/otl/lmmonolt10-bold.tma' into '/var/folders/6x/7mq9m88j1fg8lgy2v0rz8lsh0000gn/T/luatex-cache/context/a86c089b384a3076dc514ba966a1fac9/fonts/otl/lmmonolt10-bold.tmc'
system          > lua > dumping '/var/folders/6x/7mq9m88j1fg8lgy2v0rz8lsh0000gn/T/luatex-cache/context/a86c089b384a3076dc514ba966a1fac9/fonts/otl/lmmonolt10-bold.tma' into '/var/folders/6x/7mq9m88j1fg8lgy2v0rz8lsh0000gn/T/luatex-cache/context/a86c089b384a3076dc514ba966a1fac9/fonts/otl/lmmonolt10-bold.tmc' stripped
fonts           > otf loading > loading, optimizing, packing and caching time 1.017
backend         > references > no internal reference 0
fonts           > otf loading > loading '/usr/local/texlive/2016/texmf-dist/fonts/opentype/public/lm/lmroman10-regular.otf', hash 'lmroman10-regular'
otf reader      > found cmaps:
otf reader      >   platform 0: unicode
otf reader      >     encoding 3: unicode 2.0 bmp
otf reader      >       formats: 4
otf reader      >   platform 1: macintosh (unsupported)
otf reader      >     encoding 0: roman (unsupported)
otf reader      >       formats: 6 (unsupported)
otf reader      >   platform 3: windows
otf reader      >     encoding 1: unicode bmp
otf reader      >       formats: 4
otf reader      > cmap checked: platform 3 (windows), encoding 1 (unicode bmp), format 4, new unicodes 794
otf reader      > cmap checked: platform 0 (unicode), encoding 3 (unicode 2.0 bmp), format 4, new unicodes 0
otf reader      > not unicoded: dblgrave.ts1 star.alt
otf reader      > 41 bogus names removed (verbose unicode)
fonts           > otf loading > loading done
fonts           > otf loading > saving '/usr/local/texlive/2016/texmf-dist/fonts/opentype/public/lm/lmroman10-regular.otf' in cache
system          > lua > compiling '/var/folders/6x/7mq9m88j1fg8lgy2v0rz8lsh0000gn/T/luatex-cache/context/a86c089b384a3076dc514ba966a1fac9/fonts/otl/lmroman10-regular.tma' into '/var/folders/6x/7mq9m88j1fg8lgy2v0rz8lsh0000gn/T/luatex-cache/context/a86c089b384a3076dc514ba966a1fac9/fonts/otl/lmroman10-regular.tmc'
system          > lua > dumping '/var/folders/6x/7mq9m88j1fg8lgy2v0rz8lsh0000gn/T/luatex-cache/context/a86c089b384a3076dc514ba966a1fac9/fonts/otl/lmroman10-regular.tma' into '/var/folders/6x/7mq9m88j1fg8lgy2v0rz8lsh0000gn/T/luatex-cache/context/a86c089b384a3076dc514ba966a1fac9/fonts/otl/lmroman10-regular.tmc' stripped
fonts           > otf loading > loading, optimizing, packing and caching time 1.204
fonts           > otf loading > loading '/usr/local/texlive/2016/texmf-dist/fonts/opentype/public/lm/lmroman8-regular.otf', hash 'lmroman8-regular'
otf reader      > found cmaps:
otf reader      >   platform 0: unicode
otf reader      >     encoding 3: unicode 2.0 bmp
otf reader      >       formats: 4
otf reader      >   platform 1: macintosh (unsupported)
otf reader      >     encoding 0: roman (unsupported)
otf reader      >       formats: 6 (unsupported)
otf reader      >   platform 3: windows
otf reader      >     encoding 1: unicode bmp
otf reader      >       formats: 4
otf reader      > cmap checked: platform 3 (windows), encoding 1 (unicode bmp), format 4, new unicodes 794
otf reader      > cmap checked: platform 0 (unicode), encoding 3 (unicode 2.0 bmp), format 4, new unicodes 0
otf reader      > not unicoded: dblgrave.ts1 star.alt
otf reader      > 41 bogus names removed (verbose unicode)
fonts           > otf loading > loading done
fonts           > otf loading > saving '/usr/local/texlive/2016/texmf-dist/fonts/opentype/public/lm/lmroman8-regular.otf' in cache
system          > lua > compiling '/var/folders/6x/7mq9m88j1fg8lgy2v0rz8lsh0000gn/T/luatex-cache/context/a86c089b384a3076dc514ba966a1fac9/fonts/otl/lmroman8-regular.tma' into '/var/folders/6x/7mq9m88j1fg8lgy2v0rz8lsh0000gn/T/luatex-cache/context/a86c089b384a3076dc514ba966a1fac9/fonts/otl/lmroman8-regular.tmc'
system          > lua > dumping '/var/folders/6x/7mq9m88j1fg8lgy2v0rz8lsh0000gn/T/luatex-cache/context/a86c089b384a3076dc514ba966a1fac9/fonts/otl/lmroman8-regular.tma' into '/var/folders/6x/7mq9m88j1fg8lgy2v0rz8lsh0000gn/T/luatex-cache/context/a86c089b384a3076dc514ba966a1fac9/fonts/otl/lmroman8-regular.tmc' stripped
fonts           > otf loading > loading, optimizing, packing and caching time 1.454
structure       > sectioning > section @ level 3 : 0.1.2 -> 更多阅读……

Overfull \hbox (13.71536pt too wide) in paragraph at lines 62--63
 [] 

\hbox(8.328+2.748)x455.24411, direction TLT
.\glue(\leftskip) 24.0
.\hbox(8.328+2.748)x444.95947, direction TLT
..\3>modern-designsize-12pt-tt-tf-0--0 h
..\3>modern-designsize-12pt-tt-tf-0--0 t
..\3>modern-designsize-12pt-tt-tf-0--0 t
..\3>modern-designsize-12pt-tt-tf-0--0 p
..\3>modern-designsize-12pt-tt-tf-0--0 :
..etc.
.\penalty 10000
.\glue(\parfillskip) 0.0 plus 1.0fil
.\glue(\rightskip) 0.0

backend         > xmp > using file '/usr/local/texlive/2016/texmf-dist/tex/context/base/mkiv/lpdf-pdx.xml'
pages           > flushing realpage 1, userpage 1
pages           > flushing realpage 2, userpage 2
close source    > 2 > 13 > /usr/local/texlive/2016/texmf-dist/doc/context/third/context-notes-zh-cn/src/project.tex
close source    > 1 > 13 > /usr/local/texlive/2016/texmf-dist/tex/context/base/mkiv/cont-yes.mkiv

system          > structure > start used structure

used structure  > text: accepts one bid
used structure  >   component: project
used structure  >     environment: doc-env

system          > structure > stop used structure


system          > files > start used files

used file       >    1: filename=cont-yes.mkiv filetype=tex foundname=/usr/local/texlive/2016/texmf-dist/tex/context/base/mkiv/cont-yes.mkiv usedmethod=database
used file       >    2: filename=publ-imp-default.lua filetype=lua foundname=/usr/local/texlive/2016/texmf-dist/tex/context/base/mkiv/publ-imp-default.lua usedmethod=database
used file       >    3: filename=cont-new.mkiv filetype=tex foundname=/usr/local/texlive/2016/texmf-dist/tex/context/base/mkiv/cont-new.mkiv usedmethod=database
used file       >    4: filename=lang-us.lua filetype=lua foundname=/usr/local/texlive/2016/texmf-dist/tex/context/patterns/mkiv/lang-us.lua usedmethod=database
used file       >    5: filename=project filetype=tex foundname=/usr/local/texlive/2016/texmf-dist/doc/context/third/context-notes-zh-cn/src/project.tex usedmethod=otherwise
used file       >    6: filename=lm.lfg filetype=tex foundname=/usr/local/texlive/2016/texmf-dist/tex/context/fonts/mkiv/lm.lfg usedmethod=database
used file       >    7: filename=lmroman12-regular filetype=otf format=otf foundname=/usr/local/texlive/2016/texmf-dist/fonts/opentype/public/lm/lmroman12-regular.otf usedmethod=database
used file       >    8: filename=latinmodern-math.otf filetype=opentypefonts foundname=/usr/local/texlive/2016/texmf-dist/fonts/opentype/public/lm-math/latinmodern-math.otf usedmethod=database
used file       >    9: filename=doc-env.tex filetype=tex foundname=/usr/local/texlive/2016/texmf-dist/doc/context/third/context-notes-zh-cn/src/doc-env.tex usedmethod=otherwise
used file       >   10: filename=t-zhfonts.mkiv filetype=tex foundname=/usr/local/texlive/2016/texmf-dist/doc/context/third/context-notes-zh-cn/src/t-zhfonts.mkiv usedmethod=otherwise
used file       >   11: filename=t-zhfonts.lua filetype=tex format=tex foundname=/usr/local/texlive/2016/texmf-dist/doc/context/third/context-notes-zh-cn/src/t-zhfonts.lua usedmethod=otherwise
used file       >   12: filename=t-zhspuncs.lua filetype=tex format=tex foundname=/usr/local/texlive/2016/texmf-dist/doc/context/third/context-notes-zh-cn/src/t-zhspuncs.lua usedmethod=otherwise
used file       >   13: filename=m-chart.mkvi filetype=tex foundname=/usr/local/texlive/2016/texmf-dist/tex/context/modules/mkiv/m-chart.mkvi usedmethod=database
used file       >   14: filename=m-chart.lua filetype=tex format=tex foundname=/usr/local/texlive/2016/texmf-dist/tex/context/modules/mkiv/m-chart.lua usedmethod=database
used file       >   15: filename=t-layout.tex filetype=tex foundname=/usr/local/texlive/2016/texmf-dist/doc/context/third/context-notes-zh-cn/src/t-layout.tex usedmethod=otherwise
used file       >   16: filename=m-oldbibtex.mkiv filetype=tex foundname=/usr/local/texlive/2016/texmf-dist/tex/context/base/mkiv/m-oldbibtex.mkiv usedmethod=database
used file       >   17: filename=bibl-bib.mkiv filetype=tex foundname=/usr/local/texlive/2016/texmf-dist/tex/context/base/mkiv/bibl-bib.mkiv usedmethod=database
used file       >   18: filename=bibl-bib.lua filetype=tex format=tex foundname=/usr/local/texlive/2016/texmf-dist/tex/context/base/mkiv/bibl-bib.lua usedmethod=database
used file       >   19: filename=bxml-apa.mkiv filetype=tex foundname=/usr/local/texlive/2016/texmf-dist/tex/context/base/mkiv/bxml-apa.mkiv usedmethod=database
used file       >   20: filename=bibl-tra.mkiv filetype=tex foundname=/usr/local/texlive/2016/texmf-dist/tex/context/base/mkiv/bibl-tra.mkiv usedmethod=database
used file       >   21: filename=bibl-tra.lua filetype=tex format=tex foundname=/usr/local/texlive/2016/texmf-dist/tex/context/base/mkiv/bibl-tra.lua usedmethod=database
used file       >   22: filename=bibl-apa.tex filetype=tex foundname=/usr/local/texlive/2016/texmf-dist/tex/context/bib/mkii/bibl-apa.tex usedmethod=database
used file       >   23: filename=bibl-lyr.tex filetype=tex foundname=/usr/local/texlive/2016/texmf-dist/doc/context/third/context-notes-zh-cn/src/bibl-lyr.tex usedmethod=otherwise
used file       >   24: filename=lmroman10-bold filetype=otf format=otf foundname=/usr/local/texlive/2016/texmf-dist/fonts/opentype/public/lm/lmroman10-bold.otf usedmethod=database
used file       >   25: filename=lmmono12-regular filetype=otf format=otf foundname=/usr/local/texlive/2016/texmf-dist/fonts/opentype/public/lm/lmmono12-regular.otf usedmethod=database
used file       >   26: filename=lmmonolt10-bold filetype=otf format=otf foundname=/usr/local/texlive/2016/texmf-dist/fonts/opentype/public/lm/lmmonolt10-bold.otf usedmethod=database
used file       >   27: filename=lmroman10-regular filetype=otf format=otf foundname=/usr/local/texlive/2016/texmf-dist/fonts/opentype/public/lm/lmroman10-regular.otf usedmethod=database
used file       >   28: filename=lmroman8-regular filetype=otf format=otf foundname=/usr/local/texlive/2016/texmf-dist/fonts/opentype/public/lm/lmroman8-regular.otf usedmethod=database
used file       >   29: filename=lpdf-pdx.xml filetype=tex foundname=/usr/local/texlive/2016/texmf-dist/tex/context/base/mkiv/lpdf-pdx.xml usedmethod=database

system          > files > stop used files


system          > options > start commandline options

used option     > currentrun="1"
used option     > fulljobname="./accepts one bid"
used option     > input="./accepts one bid"
used option     > kindofrun="1"
used option     > maxnofruns="9"
used option     > no-parse-first-line="true"

system          > options > stop commandline options

system          > options > start commandline files

used file       >    1: ./accepts one bid

system          > options > stop commandline files


mkiv lua stats  > used config file: selfautoparent:/texmfcnf.lua;selfautoparent:/texmf-dist/web2c/texmfcnf.lua
mkiv lua stats  > used cache path: readable: '/usr/local/texlive/2016/texmf-var/luatex-cache/context/a86c089b384a3076dc514ba966a1fac9' | readable+writable: '/var/folders/6x/7mq9m88j1fg8lgy2v0rz8lsh0000gn/T/luatex-cache/context/a86c089b384a3076dc514ba966a1fac9'
mkiv lua stats  > resource resolver: loadtime 0.281 seconds, 0 scans with scantime 0.000 seconds, 0 shared scans, 29 found files, scanned paths: <none>
mkiv lua stats  > stored bytecode data: 387 modules (0.488 sec), 82 tables (0.010 sec), 469 chunks (0.499 sec)
mkiv lua stats  > traced context: maxstack: 1177, freed: 2, unreachable: 1175
mkiv lua stats  > cleaned up reserved nodes: 54 nodes, 9 lists of 444
mkiv lua stats  > node memory usage: 13 glue, 2 penalty, 30 attribute, 37 glue_spec, 9 attribute_list, 2 temp
mkiv lua stats  > node list callback tasks: 6 unique task lists, 7 instances (re)created, 283 calls
mkiv lua stats  > used backend: pdf (backend for directly generating pdf output)
mkiv lua stats  > jobdata time: 0.000 seconds saving, 0.000 seconds loading
mkiv lua stats  > callbacks: 1313 direct, 4980 indirect, 6293 total
mkiv lua stats  > loaded tex modules: 4 requested, all found (*-chart *-oldbibtex *-zhfonts t-layout)
mkiv lua stats  > loaded patterns: en::2, load time: 0.000
mkiv lua stats  > interactive elements: 0 references, 5 destinations
mkiv lua stats  > result saved in file: accepts one bid.pdf, compresslevel 3, objectcompresslevel 3
mkiv lua stats  > loaded fonts: 7 files: latinmodern-math.otf, lmmono12-regular.otf, lmmonolt10-bold.otf, lmroman10-bold.otf, lmroman10-regular.otf, lmroman12-regular.otf, lmroman8-regular.otf
mkiv lua stats  > font engine: otf 3.020, afm 1.512, tfm 1.000, 13 instances, 4 shared in backend, 0 common vectors, 4 common hashes, load time 1.727 seconds 
mkiv lua stats  > used platform: osx-64, type: unix, binary subtree: bin
mkiv lua stats  > luatex banner: this is luatex, version 0.95.0 (tex live 2016)
mkiv lua stats  > control sequences: 45282 of 65536 + 100000
mkiv lua stats  > lua properties: engine: lua, used memory: 96 MB (ctx: 94 MB), hash type: lua, hash chars: min(64,40), symbol mask: utf (τεχ)
mkiv lua stats  > runtime: 2.587 seconds, 2 processed pages, 2 shipped pages, 0.773 pages/second

